MPASM  5.37                          MAIN.ASM   12-13-2016  13:07:06         PAGE  1


LOC  OBJECT CODE     LINE SOURCE TEXT
  VALUE

                      00001 ; ***********************************************************
                      00002 ;   INTESC electronics & embedded
                      00003 ;
                      00004 ;   Curso básico de microcontroladores en ensamblador       
                      00005 ;
                      00006 ;   Práctica 2: Iniciar y escribir un caracter en la LCD
                      00007 ;   Objetivo: Entender la secuencia de inicialización de la LCD
                      00008 ;   y mostrar un caracter en la pantalla
                      00009 ;
                      00010 ;   Fecha: 05/Jun/16
                      00011 ;   Creado por: Daniel Hernández Rodríguez
                      00012 ; ************************************************************
                      00013     
Warning[205]: Found directive in column 1. (LIST)
                      00014 LIST    P = 18F87J50    ;PIC a utilizar
Warning[205]: Found directive in column 1. (INCLUDE)
                      00015 INCLUDE <P18F87J50.INC>
                      00001         LIST
                      00002 
                      00003 ;==========================================================================
                      00004 ;  MPASM PIC18F87J50 processor include
                      00005 ; 
                      00006 ;  (c) Copyright 1999-2007 Microchip Technology, All rights reserved
                      00007 ;==========================================================================
                      00008 
                      02339         LIST
                      00016 
                      00017 ;************************************************************
                      00018 ;Configuración de fusibles
Warning[205]: Found directive in column 1. (CONFIG)
                      00019 CONFIG  FOSC = HS
Warning[205]: Found directive in column 1. (CONFIG)
                      00020 CONFIG  DEBUG = OFF
Warning[205]: Found directive in column 1. (CONFIG)
                      00021 CONFIG  XINST = OFF
                      00022 
                      00023 ;***************************************************
                      00024     
Warning[205]: Found directive in column 1. (ORG)
                      00025 ORG 0x00    ;Iniciar el programa en el registro 0x00
                      00026     
000000 0E00           00027     movlw   0x00
000002 6E96           00028     movwf   TRISE   ;Configurar puerto D como salida
                      00029     
000004 EC?? F???      00030     call    LCD_Init
                      00031     ;movlw   0x05
                      00032     ;call    LCD_GoTo
000008 0E49           00033     movlw   'I'
00000A EC?? F???      00034     call    LCD_Char
00000E 0E4E           00035     movlw   'N'
000010 EC?? F???      00036     call    LCD_Char
000014 0E54           00037     movlw   'T'
000016 EC?? F???      00038     call    LCD_Char
MPASM  5.37                          MAIN.ASM   12-13-2016  13:07:06         PAGE  2


LOC  OBJECT CODE     LINE SOURCE TEXT
  VALUE

00001A 0E45           00039     movlw   'E'
00001C EC?? F???      00040     call    LCD_Char
000020 0E53           00041     movlw   'S'
000022 EC?? F???      00042     call    LCD_Char
000026 0E43           00043     movlw   'C'
000028 EC?? F???      00044     call    LCD_Char
00002C 0E42           00045     movlw   0x42
00002E EC?? F???      00046     call    LCD_GoTo
000032 0E4D           00047     movlw   'M'
000034 EC?? F???      00048     call    LCD_Char
000038 0E49           00049     movlw   'I'
00003A EC?? F???      00050     call    LCD_Char
00003E 0E55           00051     movlw   'U'
000040 EC?? F???      00052     call    LCD_Char
000044 0E56           00053     movlw   'V'
000046 EC?? F???      00054     call    LCD_Char
00004A 0E41           00055     movlw   'A'
00004C EC?? F???      00056     call    LCD_Char
000050 0E20           00057     movlw   ' '
000052 EC?? F???      00058     call    LCD_Char
000056 0E2D           00059     movlw   '-'
000058 EC?? F???      00060     call    LCD_Char
00005C 0E20           00061     movlw   ' '
00005E EC?? F???      00062     call    LCD_Char
000062 0E4C           00063     movlw   'L'
000064 EC?? F???      00064     call    LCD_Char
000068 0E43           00065     movlw   'C'
00006A EC?? F???      00066     call    LCD_Char
00006E 0E44           00067     movlw   'D'
000070 EC?? F???      00068     call    LCD_Char
                      00069     
Warning[207]: Found label after column 1. (INICIO)
000074                00070     INICIO
000074 EF?? F???      00071     goto        INICIO
                      00072             
                      00073     INCLUDE <MPLCD.inc>
                      00001 ;Ubicación de los pines de EN y RS en Miuva
                      00002 #define LCD_EN   PORTE,3
                      00003 #define LCD_RS   PORTE,1
                      00004 #define LCD_RW   PORTE,2
                      00005  
Warning[205]: Found directive in column 1. (CBLOCK)
Message[313]: CBLOCK constants will start with a value of 0.
                      00006 CBLOCK 
  00000000            00007     NIBBLE  ;Variable para escribir en la LCD
  00000001            00008     Ret1    ;Variables para crear retardos
  00000002            00009     Ret2
Warning[205]: Found directive in column 1. (ENDC)
                      00010 ENDC
                      00011     
                      00012 ;*****************************************************************************;
                      00013 ;Ejemplo de envío de instrucción                                              ;
                      00014 ;                                                                             ;
MPASM  5.37                          MAIN.ASM   12-13-2016  13:07:06         PAGE  3


LOC  OBJECT CODE     LINE SOURCE TEXT
  VALUE

                      00015 ;   RS      _________________________   1: DATOS | 0: INSTRUCCIONES           ;
                      00016 ;                                                                             ;   
                      00017 ;   RW      _________________________   1: LECTURA  |   0: ESCRITURA          ;
                      00018 ;                 ___      ___                                                ;
                      00019 ;   EN      _____/   \____/   \______   LEE EN FLANCOS DE BAJADA              ;
                      00020 ;                                                                             ;
                      00021 ;           _________________________                                         ;
                      00022 ;   D7:D4   ___/_4 MSB_\/_4_LSB_\____   PARA ENVIAR LOS 8 BITS DE INSTRUCCION ;
                      00023 ;                                       PRIMERO SE ENVIAN LOS 4 MÁS           ;
                      00024 ;                                       SIGNIFICATIVOS Y POSTERIORMENTE LOS   ;
                      00025 ;                                       4 MENOS SIGNIFICATIVOS                ;
                      00026 ;                                                                             ;
                      00027 ;*****************************************************************************;
                      00028 ;Se carga D7:D4 de la LCD en los bits D3:D0 de Miuva    
                      00029 
                      00030 ;*****************************************************************************;
                      00031 ;                                   LCD_Init                                  ;
                      00032 ;   Inicializa la LCD, esta función se debe ejecutar antes de cualquier otra  ;
                      00033 ;   que involucre el uso de la LCD.                                           ;
                      00034 ;                                                                             ;
                      00035 ;   Ejemplo de uso:                                                           ;
                      00036 ;       call    LCD_Init                                                      ;
                      00037 ;                                                                             ;
                      00038 ;*****************************************************************************;
000078 9484           00039         bcf             LCD_RW
00007A                00040 LCD_Init    
00007A 9684           00041     bcf     LCD_EN              ;Enable = LOW
00007C EC?? F???      00042     call    Retardo15ms         
000080 9284           00043     bcf     LCD_RS              ;RS = LOW
                      00044     
                      00045     ;Inicia secuencia de inicialización
                      00046     
                      00047     ;Function set
000082 0E30           00048         movlw   b'00110000'
000084 6E84           00049         movwf   PORTE
000086 8684           00050     bsf     LCD_EN      ;Activa el bit de ENABLE
000088 EC?? F???      00051     call    Retardo100us    
00008C 9684           00052     bcf     LCD_EN      ;Lee Function set
00008E EC?? F???      00053     call    Retardo4_1ms
                      00054         
                      00055     ;Function set
000092 0E30           00056         movlw   b'00110000'
000094 6E84           00057         movwf   PORTE
000096 8684           00058     bsf     LCD_EN
000098 EC?? F???      00059     call    Retardo100us
00009C 9684           00060     bcf     LCD_EN      ;Lee Function set
00009E EC?? F???      00061     call    Retardo100us
                      00062         
                      00063     ;Function set
0000A2 0E30           00064     movlw       b'00110000'
0000A4 6E84           00065         movwf   PORTE
0000A6 8684           00066         bsf         LCD_EN
0000A8 EC?? F???      00067     call    Retardo100us
MPASM  5.37                          MAIN.ASM   12-13-2016  13:07:06         PAGE  4


LOC  OBJECT CODE     LINE SOURCE TEXT
  VALUE

0000AC 9684           00068     bcf     LCD_EN      ;Lee Function set
0000AE EC?? F???      00069     call    Retardo4_1ms
                      00070     
                      00071     ;Function set
0000B2 0E20           00072     movlw       b'00100000'
0000B4 6E84           00073         movwf   PORTE
0000B6 8684           00074         bsf         LCD_EN
0000B8 EC?? F???      00075     call    Retardo100us
0000BC 9684           00076     bcf     LCD_EN      ;Lee Function set
0000BE EC?? F???      00077     call    Retardo4_1ms
                      00078         
                      00079     ;Function set
0000C2 0E20           00080     movlw       b'00100000'
0000C4 6E84           00081         movwf   PORTE
0000C6 8684           00082         bsf         LCD_EN
0000C8 EC?? F???      00083     call    Retardo100us
0000CC 9684           00084     bcf     LCD_EN      
0000CE EC?? F???      00085     call    Retardo4_1ms
0000D2 0EE0           00086     movlw       b'11100000'
0000D4 6E84           00087         movwf   PORTE
0000D6 8684           00088         bsf         LCD_EN
0000D8 EC?? F???      00089     call    Retardo100us
0000DC 9684           00090     bcf     LCD_EN      
0000DE EC?? F???      00091     call    Retardo4_1ms
                      00092         
                      00093     ;Display off
0000E2 0E00           00094     movlw       b'00000000'
0000E4 6E84           00095         movwf   PORTE
0000E6 8684           00096         bsf         LCD_EN
0000E8 EC?? F???      00097     call    Retardo100us
0000EC 9684           00098     bcf     LCD_EN      
0000EE EC?? F???      00099     call    Retardo4_1ms
0000F2 0E80           00100     movlw       b'10000000'
0000F4 6E84           00101         movwf   PORTE
0000F6 8684           00102         bsf         LCD_EN
0000F8 EC?? F???      00103     call    Retardo100us
0000FC 9684           00104     bcf     LCD_EN      
0000FE EC?? F???      00105     call    Retardo4_1ms
                      00106         
                      00107     ;Display clear
000102 0E00           00108     movlw       b'00000000'
000104 6E84           00109         movwf   PORTE
000106 8684           00110         bsf         LCD_EN
000108 EC?? F???      00111     call    Retardo100us
00010C 9684           00112     bcf     LCD_EN      
00010E EC?? F???      00113     call    Retardo4_1ms
000112 0E10           00114     movlw       b'00010000'
000114 6E84           00115         movwf   PORTE
000116 8684           00116         bsf         LCD_EN
000118 EC?? F???      00117     call    Retardo100us
00011C 9684           00118     bcf     LCD_EN      
00011E EC?? F???      00119     call    Retardo4_1ms
                      00120 
MPASM  5.37                          MAIN.ASM   12-13-2016  13:07:06         PAGE  5


LOC  OBJECT CODE     LINE SOURCE TEXT
  VALUE

                      00121     ;Entry mode set
000122 0E00           00122     movlw       b'00000000'
000124 6E84           00123         movwf   PORTE
000126 8684           00124         bsf         LCD_EN
000128 EC?? F???      00125     call    Retardo100us
00012C 9684           00126     bcf     LCD_EN      
00012E EC?? F???      00127     call    Retardo4_1ms
000132 0E60           00128     movlw       b'01100000'
000134 6E84           00129         movwf   PORTE
000136 8684           00130         bsf         LCD_EN
000138 EC?? F???      00131     call    Retardo100us
00013C 9684           00132     bcf     LCD_EN      
00013E EC?? F???      00133     call    Retardo4_1ms
                      00134         
                      00135     ;DDRAM ACCES
000142 0E80           00136     movlw       b'10000000'
000144 6E84           00137         movwf   PORTE
000146 8684           00138         bsf         LCD_EN
000148 EC?? F???      00139     call    Retardo100us
00014C 9684           00140     bcf     LCD_EN      
00014E EC?? F???      00141     call    Retardo4_1ms
000152 0E00           00142     movlw       b'00000000'
000154 6E84           00143         movwf   PORTE
000156 8684           00144         bsf         LCD_EN
000158 EC?? F???      00145     call    Retardo100us
00015C 9684           00146     bcf     LCD_EN      
00015E EC?? F???      00147     call    Retardo4_1ms
                      00148         
                      00149     ;Display on
000162 0E00           00150     movlw       b'00000000'
000164 6E84           00151         movwf   PORTE
000166 8684           00152         bsf         LCD_EN
000168 EC?? F???      00153     call    Retardo100us
00016C 9684           00154     bcf     LCD_EN      
00016E EC?? F???      00155     call    Retardo4_1ms
000172 0EC0           00156     movlw       b'11000000'
000174 6E84           00157         movwf   PORTE
000176 8684           00158         bsf         LCD_EN
000178 EC?? F???      00159     call    Retardo100us
00017C 9684           00160     bcf     LCD_EN      
00017E EC?? F???      00161     call    Retardo4_1ms
                      00162         
Warning[203]: Found opcode in column 1. (return)
000182 0012           00163 return
                      00164     
                      00165 ;*****************************************************************************;
                      00166 ;   Ejemplo de envío del caracter H
                      00167 ;   Ubicación del caracter H: 0100 1000
                      00168 ;   Se tiene que enviar primero 0100 y posteriormente 1000
                      00169 ;   1. NIBBLE almacena el valor 0100 1000
                      00170 ;   2. Intercambia los nibbles y los almacena en W -> W = 1000 0100 
                      00171 ;   3. Realiza una AND con 0x0F para tener solamente 4 bits
                      00172 ;       W = 0000 0100
MPASM  5.37                          MAIN.ASM   12-13-2016  13:07:06         PAGE  6


LOC  OBJECT CODE     LINE SOURCE TEXT
  VALUE

                      00173 ;   4. Le suma 00100000 para habilitar RS como datos -> W = 0010 0100
                      00174 ;   5. Se envía a la LCD (PUERTO D)
                      00175 ;   6. Mueve al registro de trabajo la variable NIBBLE -> W = 0100 1000
                      00176 ;   7. Realiza una AND con 0x0F para tener solamente 4 bits
                      00177 ;       W = 0000 1000
                      00178 ;   8. Le suma 00100000 para habilitar RS como datos -> W = 0010 1000
                      00179 ;   9. Se envía a la LCD (PUERTO D)
                      00180 ;******************************************************************************;
                      00181     
                      00182 ;*****************************************************************************;
                      00183 ;                                   LCD_Char                                  ;
                      00184 ;   Imprime cualquier caracter en la posición actual de la LCD.               ;
                      00185 ;                                                                             ;
                      00186 ;   Ejemplo de uso:                                                           ;
                      00187 ;       movlw   'H'             ;Caracter a escribir                          ;
                      00188 ;       call    LCD_Char                                                      ;
                      00189 ;                                                                             ;
                      00190 ;*****************************************************************************;
000184                00191 LCD_Char
000184 8284           00192     bsf     LCD_RS      ;Se enviará un dato
000186 6E00           00193     movwf   NIBBLE      ;Almacenamos el valor en la variable NIBBLE
000188 0BF0           00194     andlw       0xF0
00018A 0F02           00195     addlw       b'00000010'             ;Suma 00000010 (Activa bit RS)
00018C 6E84           00196     movwf       PORTE
00018E 8684           00197         bsf         LCD_EN      ;ENABLE = HIGH
000190 EC?? F???      00198     call    Retardo100us
000194 9684           00199     bcf     LCD_EN      ;ENABLE = LOW
000196 EC?? F???      00200     call    Retardo4_1ms
00019A 3800           00201     swapf       NIBBLE,w        ;Intercambia  los NIBBLE
00019C 0BF0           00202     andlw       0xF0    ;AND con 0xF0
00019E 0F02           00203     addlw       b'00000010'             ;Suma 00000010
0001A0 6E84           00204         movwf   PORTE
0001A2 8684           00205         bsf         LCD_EN      ;ENABLE = HIGH
0001A4 EC?? F???      00206     call    Retardo100us
0001A8 9684           00207     bcf     LCD_EN      ;ENABLE = LOW
0001AA EC?? F???      00208     call    Retardo4_1ms
Warning[203]: Found opcode in column 1. (return)
0001AE 0012           00209 return
                      00210     
                      00211 ;*****************************************************************************;
                      00212 ;                                   LCD_Clear                                 ;
                      00213 ;   Limpia todo lo que está escrito en la LCD y posteriormente regresa el     ;
                      00214 ;   cursor a Home.
                      00215 ;                                                                             ;
                      00216 ;   Ejemplo de uso:                                                           ;
                      00217 ;       call    LCD_Clear                                                     ;
                      00218 ;                                                                             ;
                      00219 ;*****************************************************************************;
0001B0                00220 LCD_Clear
0001B0 9284           00221     bcf     LCD_RS
0001B2 0E00           00222     movlw       b'00000000'
                      00223 ;    movwf      PORTD
0001B4 6E84           00224         movwf   PORTE
MPASM  5.37                          MAIN.ASM   12-13-2016  13:07:06         PAGE  7


LOC  OBJECT CODE     LINE SOURCE TEXT
  VALUE

0001B6 8684           00225     bsf LCD_EN
0001B8 EC?? F???      00226     call        Retardo100us
0001BC 9684           00227     bcf LCD_EN  
0001BE EC?? F???      00228     call        Retardo4_1ms
                      00229 ;    movlw      b'00000001'
                      00230 ;    movwf      PORTD
0001C2 0E10           00231         movlw   b'00010000'
0001C4 6E84           00232         movwf   PORTE
0001C6 8684           00233     bsf         LCD_EN
0001C8 EC?? F???      00234     call        Retardo100us
0001CC 9684           00235     bcf         LCD_EN  
0001CE EC?? F???      00236     call        Retardo4_1ms
Warning[203]: Found opcode in column 1. (return)
0001D2 0012           00237 return
                      00238     
                      00239 ;*****************************************************************************;
                      00240 ;                                   LCD_Home                                  ;
                      00241 ;   Envia el cursor a la posición inicial de la LCD                           ;
                      00242 ;                                                                             ;
                      00243 ;   Ejemplo de uso:                                                           ;
                      00244 ;       call    LCD_Home                                                      ;
                      00245 ;                                                                             ;
                      00246 ;*****************************************************************************;
0001D4                00247 LCD_Home
0001D4 9284           00248     bcf     LCD_RS
0001D6 0E00           00249     movlw       b'00000000'
0001D8 6E83           00250     movwf       PORTD
0001DA 8684           00251     bsf LCD_EN
0001DC EC?? F???      00252     call        Retardo100us
0001E0 9684           00253     bcf LCD_EN  ;Lee Function set
0001E2 EC?? F???      00254     call        Retardo4_1ms
0001E6 0E02           00255     movlw       b'00000010'
0001E8 6E83           00256     movwf       PORTD
0001EA 8684           00257     bsf LCD_EN
0001EC EC?? F???      00258     call        Retardo100us
0001F0 9684           00259     bcf LCD_EN  ;Lee Function set
0001F2 EC?? F???      00260     call        Retardo4_1ms
Warning[203]: Found opcode in column 1. (return)
0001F6 0012           00261 return
                      00262    
                      00263 ;*****************************************************************************;
                      00264 ;                                   LCD_GoTo                                  ;
                      00265 ;   Inicializa la LCD, esta función se debe ejecutar antes de cualquier otra  ;
                      00266 ;   que involucre el uso de la LCD.                                           ;
                      00267 ;                                                                             ;
                      00268 ;   Ejemplo de uso:                                                           ;
                      00269 ;       movlw   0x03        ;Posición de la LCD                               ;
                      00270 ;       call    LCD_GoTo                                                      ;
                      00271 ;                                                                             ;
                      00272 ;*****************************************************************************;
                      00273 ;                       POSICIONES DE LA LCD 2X16                             ;
                      00274 ;                                                                             ;
                      00275 ;          00 01 02 03 04 05 06 07 08 09 0A 0B 0C 0D 0E 0F                    ;
MPASM  5.37                          MAIN.ASM   12-13-2016  13:07:06         PAGE  8


LOC  OBJECT CODE     LINE SOURCE TEXT
  VALUE

                      00276 ;          40 41 42 43 44 45 46 47 48 49 4A 4B 4C 4D 4E 4F                    ;
                      00277 ;                                                                             ;
                      00278 ;*****************************************************************************;
0001F8                00279 LCD_GoTo
0001F8 9284           00280         bcf         LCD_RS      ;Se enviará un dato
0001FA 6E00           00281     movwf   NIBBLE      ;Almacenamos el valor en la variable NIBBLE
0001FC 0BF0           00282     andlw       0xF0
0001FE 6E84           00283     movwf       PORTE
000200 8684           00284         bsf         LCD_EN      ;ENABLE = HIGH
000202 EC?? F???      00285     call    Retardo100us
000206 9684           00286     bcf     LCD_EN      ;ENABLE = LOW
000208 EC?? F???      00287     call    Retardo4_1ms
00020C 3800           00288     swapf       NIBBLE,w        ;Intercambia  los NIBBLE
00020E 0BF0           00289     andlw       0xF0    ;AND con 0xF0
000210 6E84           00290         movwf   PORTE
000212 8684           00291         bsf         LCD_EN      ;ENABLE = HIGH
000214 EC?? F???      00292     call    Retardo100us
000218 9684           00293     bcf     LCD_EN      ;ENABLE = LOW
00021A EC?? F???      00294     call    Retardo4_1ms
Warning[203]: Found opcode in column 1. (return)
00021E 0012           00295 return
                      00296 
                      00297 ;*****************************************************************************;
                      00298 ;                       Funciones de retardos                                 ;
                      00299 ;   Estas funciones se utilizaron para los tiempos requeridos mientras se     ;
                      00300 ;   envían los datos o instrucciones a la LCD, está predefinidos para el      ;
                      00301 ;   oscilador de Miuva (8MHz). En caso de usar otro oscilador se tendrían     ;
                      00302 ;   que ajustar los retardos para satisfacer los tiempo solicitados.          ;
                      00303 ;                                                                             ;
                      00304 ;               fosc = 8MHz                                                   ;
                      00305 ;               Ciclo Reloj = 1/fosc = 1/8M = 125ns                           ;
                      00306 ;               Ciclo Instruccion = 4*Ciclo Reloj = 500ns                     ;
                      00307 ;               La funcion DECFSZ tarda 3 ciclos en ejecutarse                ;
                      00308 ;               Retardo 15ms                                                  ;
                      00309 ;               Tiempo = Ret1*Ret2*(3*500ns)                                  ;
                      00310 ;               Tiempo = Ret1*Ret2*(1.5us)                                    ;
                      00311 ;               Ret1 = 255                                                    ;
                      00312 ;               Ret2 = 40                                                     ;
                      00313 ;               Tiempo = (255*40)(1.5us) = .0153 = 15.3ms                     ;
                      00314 ;*****************************************************************************;
                      00315 
000220                00316 Retardo15ms
000220 0EFF           00317     movlw       .255
000222 6E01           00318     movwf       Ret1
000224 0E28           00319     movlw       .40
000226 6E02           00320     movwf       Ret2
000228                00321 Ret15ms
000228 2E01           00322     decfsz      Ret1, F
00022A D???           00323     bra Ret15ms
00022C 2E02           00324     decfsz      Ret2, F
00022E D???           00325     bra Ret15ms
000230 0012           00326     return
                      00327     
MPASM  5.37                          MAIN.ASM   12-13-2016  13:07:06         PAGE  9


LOC  OBJECT CODE     LINE SOURCE TEXT
  VALUE

                      00328 ;Retardo 40ms
                      00329 ;Tiempo = Ret1*Ret2*(3*500ns) 
                      00330 ;Tiempo = Ret1*Ret2*(1.5us)
                      00331 ;Ret1 = 255
                      00332 ;Ret2 = 105
                      00333 ;Tiempo = (255*105)(1.5us) = .0402 = 40.2ms
000232                00334 Retardo40ms
000232 0EFF           00335     movlw       .255
000234 6E01           00336     movwf       Ret1
000236 0E69           00337     movlw       .105
000238 6E02           00338     movwf       Ret2
00023A                00339 Ret40ms
00023A 2E01           00340     decfsz      Ret1, F
00023C D???           00341     bra Ret15ms
00023E 2E02           00342     decfsz      Ret2, F
000240 D???           00343     bra Ret15ms
000242 0012           00344     return
                      00345 
                      00346 ;Retardo 5ms
                      00347 ;Tiempo = Ret1*Ret2*(3*500ns) 
                      00348 ;Tiempo = Ret1*Ret2*(1.5us)
                      00349 ;Ret1 = 255
                      00350 ;Ret2 = 14
                      00351 ;Tiempo = (255*14)(1.5us) = .005355 = 5.355ms
000244                00352 Retardo5ms
000244 0EFF           00353     movlw   .255
000246 6E01           00354     movwf   Ret1
000248 0E0E           00355     movlw   .14
00024A 6E02           00356     movwf   Ret2
00024C                00357 Ret5ms
00024C 2E01           00358     decfsz  Ret1,F
00024E D???           00359     bra     Ret5ms
000250 2E02           00360     decfsz  Ret2,F
000252 D???           00361     bra     Ret5ms
000254 0012           00362     return
                      00363     
                      00364 ;Retardo 4.1ms
                      00365 ;Tiempo = Ret1*Ret2*(3*500ns) 
                      00366 ;Tiempo = Ret1*Ret2*(1.5us)
                      00367 ;Ret1 = 255
                      00368 ;Ret2 = 11
                      00369 ;Tiempo = (255*11)(1.5us) = .0042 = 4.2ms
000256                00370 Retardo4_1ms
000256 0EFF           00371     movlw       .255
000258 6E01           00372     movwf       Ret1
00025A 0E0B           00373     movlw       .11
00025C 6E02           00374     movwf       Ret2
00025E                00375 Ret4_1ms
00025E 2E01           00376     decfsz      Ret1, F
000260 D???           00377     bra Ret15ms
000262 2E02           00378     decfsz      Ret2, F
000264 D???           00379     bra Ret15ms
000266 0012           00380     return
MPASM  5.37                          MAIN.ASM   12-13-2016  13:07:06         PAGE 10


LOC  OBJECT CODE     LINE SOURCE TEXT
  VALUE

                      00381     
                      00382     
                      00383 ;Retardo 100us
                      00384 ;Tiempo = Ret1*(3*500ns) 
                      00385 ;Tiempo = Ret1*(1.5us)
                      00386 ;Ret1 = 67
                      00387 ;Tiempo = (67)(1.5us) = .0001005 = 100.5us
000268                00388 Retardo100us
000268 0E43           00389     movlw       .67
00026A 6E01           00390     movwf       Ret1
00026C                00391 Ret100us
00026C 2E01           00392     decfsz      Ret1, F
00026E 0012           00393     return
                      00394     
                      00395 ;Retardo 40us
                      00396 ;Tiempo = Ret1*(3*500ns) = Ret1*(1.5us)
                      00397 ;Ret1 = 27
                      00398 ;Tiempo = (27)(1.5us) = .0000405 = 40.5us
000270                00399 Retardo40us
000270 0E1B           00400     movlw       .27
000272 6E01           00401     movwf       Ret1
000274                00402 Ret40us
000274 2E01           00403     decfsz      Ret1,F
000276 0012           00404     return
                      00405     
Warning[205]: Found directive in column 1. (END)
                      00406 END
MPASM  5.37                          MAIN.ASM   12-13-2016  13:07:06         PAGE 11


SYMBOL TABLE
  LABEL                             VALUE 

A                                 00000000
A16                               00000000
A17                               00000001
A18                               00000002
A19                               00000003
ABDEN                             00000000
ABDOVF                            00000007
ACCESS                            00000000
ACKDT                             00000005
ACKEN                             00000004
ACKSTAT                           00000006
ACQT0                             00000003
ACQT1                             00000004
ACQT2                             00000005
ACTVIE                            00000002
ACTVIF                            00000002
AD0                               00000000
AD1                               00000001
AD10                              00000002
AD11                              00000003
AD12                              00000004
AD13                              00000005
AD14                              00000006
AD15                              00000007
AD2                               00000002
AD3                               00000003
AD4                               00000004
AD5                               00000005
AD6                               00000006
AD7                               00000007
AD8                               00000000
AD9                               00000001
ADCAL                             00000006
ADCON0                            00000FC2
ADCON1                            00000FC1
ADCS0                             00000000
ADCS1                             00000001
ADCS2                             00000002
ADDEN                             00000003
ADDR0                             00000000
ADDR1                             00000001
ADDR2                             00000002
ADDR3                             00000003
ADDR4                             00000004
ADDR5                             00000005
ADDR6                             00000006
ADFM                              00000007
ADIE                              00000006
ADIF                              00000006
ADIP                              00000006
ADMSK1                            00000001
ADMSK2                            00000002
ADMSK3                            00000003
MPASM  5.37                          MAIN.ASM   12-13-2016  13:07:06         PAGE 12


SYMBOL TABLE
  LABEL                             VALUE 

ADMSK4                            00000004
ADMSK5                            00000005
ADON                              00000000
ADRES                             00000FC3
ADRESH                            00000FC4
ADRESL                            00000FC3
ADRMUX0                           00000003
ADRMUX1                           00000004
ADSHR                             00000004
ALE                               00000000
ALP                               00000005
AN0                               00000000
AN1                               00000001
AN10                              00000005
AN11                              00000006
AN12                              00000004
AN13                              00000005
AN14                              00000006
AN15                              00000007
AN2                               00000002
AN3                               00000003
AN4                               00000005
AN7                               00000002
ANCON0                            00000FC1
ANCON1                            00000FC2
BA0                               00000004
BANKED                            00000001
BAUDCON                           00000F7E
BAUDCON1                          00000F7E
BAUDCON2                          00000F7C
BCL1IE                            00000003
BCL1IF                            00000003
BCL1IP                            00000003
BCL2IE                            00000006
BCL2IF                            00000006
BCL2IP                            00000006
BCLIE                             00000003
BCLIF                             00000003
BCLIP                             00000003
BEP                               00000002
BF                                00000000
BOR                               00000000
BRG16                             00000003
BRGH                              00000002
BSR                               00000FE0
BTOEE                             00000004
BTOEF                             00000004
BTSEE                             00000007
BTSEF                             00000007
BUSY                              00000007
C                                 00000000
C1CH0                             00000000
C1CH1                             00000001
MPASM  5.37                          MAIN.ASM   12-13-2016  13:07:06         PAGE 13


SYMBOL TABLE
  LABEL                             VALUE 

C1INA                             00000006
C1INB                             00000005
C1INC                             00000006
C1OUT                             00000007
C2INA                             00000005
C2INB                             00000002
C2INC                             00000004
C2IND                             00000005
C2OUT                             00000005
CCH0                              00000000
CCH1                              00000001
CCP1                              00000002
CCP1CON                           00000FBB
CCP1IE                            00000002
CCP1IF                            00000002
CCP1IP                            00000002
CCP1M0                            00000000
CCP1M1                            00000001
CCP1M2                            00000002
CCP1M3                            00000003
CCP1X                             00000005
CCP1Y                             00000004
CCP2CON                           00000FB6
CCP2IE                            00000000
CCP2IF                            00000000
CCP2IP                            00000000
CCP2M0                            00000000
CCP2M1                            00000001
CCP2M2                            00000002
CCP2M3                            00000003
CCP2X                             00000005
CCP2Y                             00000004
CCP2_PORTB                        00000003
CCP2_PORTC                        00000001
CCP2_PORTE                        00000007
CCP3                              00000000
CCP3CON                           00000FB1
CCP3IE                            00000000
CCP3IF                            00000000
CCP3IP                            00000000
CCP3M0                            00000000
CCP3M1                            00000001
CCP3M2                            00000002
CCP3M3                            00000003
CCP3X                             00000005
CCP3Y                             00000004
CCP4                              00000003
CCP4CON                           00000F73
CCP4IE                            00000001
CCP4IF                            00000001
CCP4IP                            00000001
CCP4M0                            00000000
CCP4M1                            00000001
MPASM  5.37                          MAIN.ASM   12-13-2016  13:07:06         PAGE 14


SYMBOL TABLE
  LABEL                             VALUE 

CCP4M2                            00000002
CCP4M3                            00000003
CCP4OD                            00000003
CCP5                              00000004
CCP5CON                           00000F70
CCP5IE                            00000002
CCP5IF                            00000002
CCP5IP                            00000002
CCP5M0                            00000000
CCP5M1                            00000001
CCP5M2                            00000002
CCP5M3                            00000003
CCP5OD                            00000004
CCPR1                             00000FBC
CCPR1H                            00000FBD
CCPR1L                            00000FBC
CCPR2                             00000FB7
CCPR2H                            00000FB8
CCPR2L                            00000FB7
CCPR3                             00000FB2
CCPR3H                            00000FB3
CCPR3L                            00000FB2
CCPR4                             00000F74
CCPR4H                            00000F75
CCPR4L                            00000F74
CCPR5                             00000F71
CCPR5H                            00000F72
CCPR5L                            00000F71
CE                                00000005
CHS0                              00000002
CHS1                              00000003
CHS2                              00000004
CHS3                              00000005
CK                                00000006
CK2                               00000001
CKE                               00000006
CKP                               00000004
CLKO                              00000006
CM                                00000005
CM1CON                            00000FD2
CM1CON1                           00000FD2
CM1IE                             00000005
CM1IF                             00000005
CM1IP                             00000005
CM2CON                            00000FD1
CM2CON1                           00000FD1
CM2IE                             00000006
CM2IF                             00000006
CM2IP                             00000006
CMSTAT                            00000F6A
CMSTATUS                          00000F6A
COE                               00000006
CON                               00000007
MPASM  5.37                          MAIN.ASM   12-13-2016  13:07:06         PAGE 15


SYMBOL TABLE
  LABEL                             VALUE 

COUT1                             00000000
COUT2                             00000001
CPOL                              00000005
CRC16EE                           00000002
CRC16EF                           00000002
CRC5EE                            00000001
CRC5EF                            00000001
CREF                              00000002
CREN                              00000004
CS1                               00000006
CS1P                              00000003
CS2                               00000007
CS2P                              00000004
CSF0                              00000006
CSF1                              00000007
CSRC                              00000007
CVR0                              00000000
CVR1                              00000001
CVR2                              00000002
CVR3                              00000003
CVRCON                            00000F77
CVREF                             00000005
CVREN                             00000007
CVROE                             00000006
CVRR                              00000005
CVRSS                             00000004
D                                 00000005
DATA_ADDRESS                      00000005
DC                                00000001
DC1B0                             00000004
DC1B1                             00000005
DC2B0                             00000004
DC2B1                             00000005
DC3B0                             00000004
DC3B1                             00000005
DC4B0                             00000004
DC4B1                             00000005
DC5B0                             00000004
DC5B1                             00000005
DCCP4X                            00000005
DCCP4Y                            00000004
DCCP5X                            00000005
DCCP5Y                            00000004
DDRA                              TRISA
DDRB                              TRISB
DDRC                              TRISC
DDRD                              TRISD
DDRE                              TRISE
DDRF                              00000F97
DDRG                              00000F98
DDRH                              00000F99
DDRJ                              00000F9A
DEVCFG                            00000004
MPASM  5.37                          MAIN.ASM   12-13-2016  13:07:06         PAGE 16


SYMBOL TABLE
  LABEL                             VALUE 

DFN8EE                            00000003
DFN8EF                            00000003
DIR                               00000002
DONE                              00000001
DT2                               00000002
DTRXP                             00000005
D_A                               00000005
ECCP1AS                           00000FBF
ECCP1AS0                          00000004
ECCP1AS1                          00000005
ECCP1AS2                          00000006
ECCP1ASE                          00000007
ECCP1CON                          00000FBB
ECCP1DEL                          00000FBE
ECCP1OD                           00000000
ECCP2AS                           00000FBA
ECCP2AS0                          00000004
ECCP2AS1                          00000005
ECCP2AS2                          00000006
ECCP2ASE                          00000007
ECCP2CON                          00000FB6
ECCP2DEL                          00000FB9
ECCP2OD                           00000001
ECCP3AS                           00000FB5
ECCP3AS0                          00000004
ECCP3AS1                          00000005
ECCP3AS2                          00000006
ECCP3ASE                          00000007
ECCP3CON                          00000FB1
ECCP3DEL                          00000FB4
ECCP3OD                           00000002
ECCPAS0                           00000004
ECCPAS1                           00000005
ECCPAS2                           00000006
ECCPASE                           00000007
EDBIS                             00000007
EECON1                            00000FA6
EECON2                            00000FA7
ENDP0                             00000003
ENDP1                             00000004
ENDP2                             00000005
ENDP3                             00000006
EPCONDIS                          00000003
EPHSHK                            00000004
EPINEN                            00000001
EPOUTEN                           00000002
EPSTALL                           00000000
EVPOL0                            00000003
EVPOL1                            00000004
FAST                              00000001
FERR                              00000002
FLT0                              00000000
FLTS                              00000002
MPASM  5.37                          MAIN.ASM   12-13-2016  13:07:06         PAGE 17


SYMBOL TABLE
  LABEL                             VALUE 

FREE                              00000004
FRM0                              00000000
FRM1                              00000001
FRM10                             00000002
FRM2                              00000002
FRM3                              00000003
FRM4                              00000004
FRM5                              00000005
FRM6                              00000006
FRM7                              00000007
FRM8                              00000000
FRM9                              00000001
FSEN                              00000002
FSR0                              00000000
FSR0H                             00000FEA
FSR0L                             00000FE9
FSR1                              00000001
FSR1H                             00000FE2
FSR1L                             00000FE1
FSR2                              00000002
FSR2H                             00000FDA
FSR2L                             00000FD9
GCEN                              00000007
GIE                               00000007
GIEH                              00000007
GIEL                              00000006
GO                                00000001
GO_DONE                           00000001
I2C_DAT                           00000005
I2C_READ                          00000002
I2C_START                         00000003
I2C_STOP                          00000004
IB0F                              00000000
IB1F                              00000001
IB2F                              00000002
IB3F                              00000003
IBF                               00000007
IBOV                              00000006
IDLEIE                            00000004
IDLEIF                            00000004
IDLEN                             00000007
INCM0                             00000003
INCM1                             00000004
INDF0                             00000FEF
INDF1                             00000FE7
INDF2                             00000FDF
INICIO                            00000074
INT0                              00000000
INT0E                             00000004
INT0F                             00000001
INT0IE                            00000004
INT0IF                            00000001
INT1                              00000001
MPASM  5.37                          MAIN.ASM   12-13-2016  13:07:06         PAGE 18


SYMBOL TABLE
  LABEL                             VALUE 

INT1E                             00000003
INT1F                             00000000
INT1IE                            00000003
INT1IF                            00000000
INT1IP                            00000006
INT1P                             00000006
INT2                              00000002
INT2E                             00000004
INT2F                             00000001
INT2IE                            00000004
INT2IF                            00000001
INT2IP                            00000007
INT2P                             00000007
INT3                              00000003
INT3E                             00000005
INT3F                             00000002
INT3IE                            00000005
INT3IF                            00000002
INT3IP                            00000001
INT3P                             00000001
INTCON                            00000FF2
INTCON2                           00000FF1
INTCON3                           00000FF0
INTEDG0                           00000006
INTEDG1                           00000005
INTEDG2                           00000004
INTEDG3                           00000003
INTSRC                            00000007
IOFS                              00000002
IPEN                              00000007
IPR1                              00000F9F
IPR2                              00000FA2
IPR3                              00000FA5
IRCF0                             00000004
IRCF1                             00000005
IRCF2                             00000006
IRQM0                             00000005
IRQM1                             00000006
KBI0                              00000004
KBI1                              00000005
KBI2                              00000006
KBI3                              00000007
LATA                              00000F89
LATA0                             00000000
LATA1                             00000001
LATA2                             00000002
LATA3                             00000003
LATA4                             00000004
LATA5                             00000005
LATA6                             00000006
LATA7                             00000007
LATB                              00000F8A
LATB0                             00000000
MPASM  5.37                          MAIN.ASM   12-13-2016  13:07:06         PAGE 19


SYMBOL TABLE
  LABEL                             VALUE 

LATB1                             00000001
LATB2                             00000002
LATB3                             00000003
LATB4                             00000004
LATB5                             00000005
LATB6                             00000006
LATB7                             00000007
LATC                              00000F8B
LATC0                             00000000
LATC1                             00000001
LATC2                             00000002
LATC3                             00000003
LATC4                             00000004
LATC5                             00000005
LATC6                             00000006
LATC7                             00000007
LATD                              00000F8C
LATD0                             00000000
LATD1                             00000001
LATD2                             00000002
LATD3                             00000003
LATD4                             00000004
LATD5                             00000005
LATD6                             00000006
LATD7                             00000007
LATE                              00000F8D
LATE0                             00000000
LATE1                             00000001
LATE2                             00000002
LATE3                             00000003
LATE4                             00000004
LATE5                             00000005
LATE6                             00000006
LATE7                             00000007
LATF                              00000F8E
LATF2                             00000002
LATF3                             00000003
LATF4                             00000004
LATF5                             00000005
LATF6                             00000006
LATF7                             00000007
LATG                              00000F8F
LATG0                             00000000
LATG1                             00000001
LATG2                             00000002
LATG3                             00000003
LATG4                             00000004
LATH                              00000F90
LATH0                             00000000
LATH1                             00000001
LATH2                             00000002
LATH3                             00000003
LATH4                             00000004
MPASM  5.37                          MAIN.ASM   12-13-2016  13:07:06         PAGE 20


SYMBOL TABLE
  LABEL                             VALUE 

LATH5                             00000005
LATH6                             00000006
LATH7                             00000007
LATJ                              00000F91
LATJ0                             00000000
LATJ1                             00000001
LATJ2                             00000002
LATJ3                             00000003
LATJ4                             00000004
LATJ5                             00000005
LATJ6                             00000006
LATJ7                             00000007
LB                                00000006
LCD_Char                          00000184
LCD_Clear                         000001B0
LCD_EN                            PORTE,3
LCD_GoTo                          000001F8
LCD_Home                          000001D4
LCD_Init                          0000007A
LCD_RS                            PORTE,1
LCD_RW                            PORTE,2
LVDIE                             00000002
LVDIF                             00000002
LVDIP                             00000002
LVDSTAT                           00000006
MEMCON                            00000FCB
MODE0                             00000000
MODE1                             00000001
MODE16                            00000002
MSK0                              00000000
MSK1                              00000001
MSK2                              00000002
MSK3                              00000003
MSK4                              00000004
MSK5                              00000005
MSK6                              00000006
MSK7                              00000007
N                                 00000004
NIBBLE                            00000000
NOT_A                             00000005
NOT_ADDRESS                       00000005
NOT_BOR                           00000000
NOT_CM                            00000005
NOT_DONE                          00000001
NOT_PD                            00000002
NOT_POR                           00000001
NOT_RBPU                          00000007
NOT_RC8                           00000006
NOT_RI                            00000004
NOT_T1SYNC                        00000002
NOT_T3SYNC                        00000002
NOT_TO                            00000003
NOT_TX8                           00000006
MPASM  5.37                          MAIN.ASM   12-13-2016  13:07:06         PAGE 21


SYMBOL TABLE
  LABEL                             VALUE 

NOT_W                             00000002
NOT_WRITE                         00000002
OB0E                              00000000
OB1E                              00000001
OB2E                              00000002
OB3E                              00000003
OBE                               00000007
OBUF                              00000006
ODCON1                            00000FCF
ODCON2                            00000FCE
ODCON3                            00000FCD
OE                                00000001
OERR                              00000001
OSC2                              00000006
OSCCON                            00000FD3
OSCFIE                            00000007
OSCFIF                            00000007
OSCFIP                            00000007
OSCTUNE                           00000F9B
OSTS                              00000003
OV                                00000003
P                                 00000004
P1DC0                             00000000
P1DC1                             00000001
P1DC2                             00000002
P1DC3                             00000003
P1DC4                             00000004
P1DC5                             00000005
P1DC6                             00000006
P1M0                              00000006
P1M1                              00000007
P1RSEN                            00000007
P2DC0                             00000000
P2DC1                             00000001
P2DC2                             00000002
P2DC3                             00000003
P2DC4                             00000004
P2DC5                             00000005
P2DC6                             00000006
P2M0                              00000006
P2M1                              00000007
P2RSEN                            00000007
P3DC0                             00000000
P3DC1                             00000001
P3DC2                             00000002
P3DC3                             00000003
P3DC4                             00000004
P3DC5                             00000005
P3DC6                             00000006
P3M0                              00000006
P3M1                              00000007
P3RSEN                            00000007
PADCFG1                           00000FCC
MPASM  5.37                          MAIN.ASM   12-13-2016  13:07:06         PAGE 22


SYMBOL TABLE
  LABEL                             VALUE 

PC                                00000FF9
PCFG0                             00000000
PCFG1                             00000001
PCFG10                            00000002
PCFG11                            00000003
PCFG12                            00000004
PCFG13                            00000005
PCFG14                            00000006
PCFG15                            00000007
PCFG2                             00000002
PCFG3                             00000003
PCFG4                             00000004
PCFG5                             00000005
PCFG6                             00000006
PCFG7                             00000007
PCFG8                             00000000
PCFG9                             00000001
PCL                               00000FF9
PCLATH                            00000FFA
PCLATU                            00000FFB
PD                                00000002
PDC0                              00000000
PDC1                              00000001
PDC2                              00000002
PDC3                              00000003
PDC4                              00000004
PDC5                              00000005
PDC6                              00000006
PEIE                              00000006
PEN                               00000002
PGC                               00000005
PGD                               00000006
PIDEE                             00000000
PIDEF                             00000000
PIE1                              00000F9D
PIE2                              00000FA0
PIE3                              00000FA3
PIR1                              00000F9E
PIR2                              00000FA1
PIR3                              00000FA4
PKTDIS                            00000004
PLLEN                             00000006
PLUSW0                            00000FEB
PLUSW1                            00000FE3
PLUSW2                            00000FDB
PMA0                              00000005
PMA1                              00000004
PMA10                             00000006
PMA11                             00000005
PMA12                             00000004
PMA13                             00000003
PMA2                              00000003
PMA3                              00000002
MPASM  5.37                          MAIN.ASM   12-13-2016  13:07:06         PAGE 23


SYMBOL TABLE
  LABEL                             VALUE 

PMA4                              00000001
PMA5                              00000002
PMA6                              00000002
PMA7                              00000001
PMA8                              00000000
PMA9                              00000007
PMADDR                            00000F68
PMADDRH                           00000F69
PMADDRL                           00000F68
PMBE_PORTE                        00000002
PMBE_PORTH                        00000005
PMCON                             00000F4A
PMCONH                            00000F4B
PMCONL                            00000F4A
PMCS1                             00000003
PMCS2                             00000004
PMD0_PORTD                        00000000
PMD0_PORTF                        00000007
PMD1_PORTD                        00000001
PMD1_PORTF                        00000006
PMD2_PORTD                        00000002
PMD2_PORTF                        00000005
PMD3_PORTD                        00000003
PMD3_PORTH                        00000004
PMD4_PORTA                        00000005
PMD4_PORTD                        00000004
PMD5_PORTA                        00000004
PMD5_PORTD                        00000005
PMD6_PORTD                        00000006
PMD6_PORTH                        00000003
PMD7_PORTD                        00000007
PMD7_PORTH                        00000002
PMDIN1                            00000F66
PMDIN1H                           00000F67
PMDIN1L                           00000F66
PMDIN2                            00000F44
PMDIN2H                           00000F45
PMDIN2L                           00000F44
PMDOUT1                           00000F68
PMDOUT1H                          00000F69
PMDOUT1L                          00000F68
PMDOUT2                           00000F46
PMDOUT2H                          00000F47
PMDOUT2L                          00000F46
PMEH                              00000F43
PMEL                              00000F42
PMEN                              00000F42
PMMODE                            00000F48
PMMODEH                           00000F49
PMMODEL                           00000F48
PMPEN                             00000007
PMPIE                             00000007
PMPIF                             00000007
MPASM  5.37                          MAIN.ASM   12-13-2016  13:07:06         PAGE 24


SYMBOL TABLE
  LABEL                             VALUE 

PMPIP                             00000007
PMPTTL                            00000000
PMRD_PORTE                        00000000
PMRD_PORTH                        00000006
PMSTAT                            00000F40
PMSTATH                           00000F41
PMSTATL                           00000F40
PMWR_PORTE                        00000001
PMWR_PORTH                        00000007
POR                               00000001
PORTA                             00000F80
PORTB                             00000F81
PORTC                             00000F82
PORTD                             00000F83
PORTE                             00000F84
PORTF                             00000F85
PORTG                             00000F86
PORTH                             00000F87
PORTJ                             00000F88
POSTDEC0                          00000FED
POSTDEC1                          00000FE5
POSTDEC2                          00000FDD
POSTINC0                          00000FEE
POSTINC1                          00000FE6
POSTINC2                          00000FDE
PPB0                              00000000
PPB1                              00000001
PPBI                              00000001
PPBRST                            00000006
PR2                               00000FCB
PR4                               00000F77
PREINC0                           00000FEC
PREINC1                           00000FE4
PREINC2                           00000FDC
PROD                              00000FF3
PRODH                             00000FF4
PRODL                             00000FF3
PRSEN                             00000007
PSA                               00000003
PSIDL                             00000005
PSS1AC0                           00000002
PSS1AC1                           00000003
PSS1BD0                           00000000
PSS1BD1                           00000001
PSS2AC0                           00000002
PSS2AC1                           00000003
PSS2BD0                           00000000
PSS2BD1                           00000001
PSS3AC0                           00000002
PSS3AC1                           00000003
PSS3BD0                           00000000
PSS3BD1                           00000001
PSSAC0                            00000002
MPASM  5.37                          MAIN.ASM   12-13-2016  13:07:06         PAGE 25


SYMBOL TABLE
  LABEL                             VALUE 

PSSAC1                            00000003
PSSBD0                            00000000
PSSBD1                            00000001
PTBEEN                            00000002
PTEN0                             00000000
PTEN1                             00000001
PTEN10                            00000002
PTEN11                            00000003
PTEN12                            00000004
PTEN13                            00000005
PTEN14                            00000006
PTEN15                            00000007
PTEN2                             00000002
PTEN3                             00000003
PTEN4                             00000004
PTEN5                             00000005
PTEN6                             00000006
PTEN7                             00000007
PTEN8                             00000000
PTEN9                             00000001
PTRDEN                            00000000
PTWREN                            00000001
R                                 00000002
RA0                               00000000
RA1                               00000001
RA2                               00000002
RA3                               00000003
RA4                               00000004
RA5                               00000005
RA6                               00000006
RA7                               00000007
RB0                               00000000
RB1                               00000001
RB2                               00000002
RB3                               00000003
RB4                               00000004
RB5                               00000005
RB6                               00000006
RB7                               00000007
RBIE                              00000003
RBIF                              00000000
RBIP                              00000000
RBPU                              00000007
RC0                               00000000
RC1                               00000001
RC1IE                             00000005
RC1IF                             00000005
RC1IP                             00000005
RC2                               00000002
RC2IE                             00000005
RC2IF                             00000005
RC2IP                             00000005
RC3                               00000003
MPASM  5.37                          MAIN.ASM   12-13-2016  13:07:06         PAGE 26


SYMBOL TABLE
  LABEL                             VALUE 

RC4                               00000004
RC5                               00000005
RC6                               00000006
RC7                               00000007
RC8_9                             00000006
RC9                               00000006
RCD8                              00000000
RCEN                              00000003
RCIDL                             00000006
RCIE                              00000005
RCIF                              00000005
RCIP                              00000005
RCMT                              00000006
RCON                              00000FD0
RCREG                             00000FAF
RCREG1                            00000FAF
RCREG2                            00000FAA
RCSTA                             00000FAC
RCSTA1                            00000FAC
RCSTA2                            00000F9C
RD0                               00000000
RD1                               00000001
RD16                              00000007
RD2                               00000002
RD3                               00000003
RD4                               00000004
RD5                               00000005
RD6                               00000006
RD7                               00000007
RDPU                              00000007
RDSP                              00000000
RE0                               00000000
RE1                               00000001
RE2                               00000002
RE3                               00000003
RE4                               00000004
RE5                               00000005
RE6                               00000006
RE7                               00000007
READ_WRITE                        00000002
REFO                              00000003
REFOCON                           00000FD3
REGSLP                            00000007
REPU                              00000006
RESUME                            00000002
RF1                               00000001
RF2                               00000002
RF3                               00000003
RF4                               00000004
RF5                               00000005
RF6                               00000006
RF7                               00000007
RG0                               00000000
MPASM  5.37                          MAIN.ASM   12-13-2016  13:07:06         PAGE 27


SYMBOL TABLE
  LABEL                             VALUE 

RG1                               00000001
RG2                               00000002
RG3                               00000003
RG4                               00000004
RH0                               00000000
RH1                               00000001
RH2                               00000002
RH3                               00000003
RH4                               00000004
RH5                               00000005
RH6                               00000006
RH7                               00000007
RI                                00000004
RJ0                               00000000
RJ1                               00000001
RJ2                               00000002
RJ3                               00000003
RJ4                               00000004
RJ5                               00000005
RJ6                               00000006
RJ7                               00000007
RJPU                              00000005
RODIV0                            00000000
RODIV1                            00000001
RODIV2                            00000002
RODIV3                            00000003
ROON                              00000007
ROSEL                             00000004
ROSSLP                            00000005
RSEN                              00000001
RX                                00000007
RX2                               00000002
RX9                               00000006
RX9D                              00000000
RXDTP                             00000005
R_W                               00000002
Ret1                              00000001
Ret100us                          0000026C
Ret15ms                           00000228
Ret2                              00000002
Ret40ms                           0000023A
Ret40us                           00000274
Ret4_1ms                          0000025E
Ret5ms                            0000024C
Retardo100us                      00000268
Retardo15ms                       00000220
Retardo40ms                       00000232
Retardo40us                       00000270
Retardo4_1ms                      00000256
Retardo5ms                        00000244
S                                 00000003
SCK                               00000003
SCK2                              00000006
MPASM  5.37                          MAIN.ASM   12-13-2016  13:07:06         PAGE 28


SYMBOL TABLE
  LABEL                             VALUE 

SCKP                              00000004
SCL                               00000003
SCL2                              00000006
SCS0                              00000000
SCS1                              00000001
SDA                               00000004
SDA2                              00000005
SDI                               00000004
SDI2                              00000005
SDO                               00000005
SDO2                              00000004
SE0                               00000005
SEN                               00000000
SENDB                             00000003
SMP                               00000007
SOFIE                             00000006
SOFIF                             00000006
SP0                               00000000
SP1                               00000001
SP2                               00000002
SP3                               00000003
SP4                               00000004
SPBRG                             00000FB0
SPBRG1                            00000FB0
SPBRG2                            00000FAB
SPBRGH                            00000F7F
SPBRGH1                           00000F7F
SPBRGH2                           00000F7D
SPEN                              00000007
SPI1OD                            00000000
SPI2OD                            00000001
SREN                              00000005
SS                                00000007
SS2                               00000007
SSP1ADD                           00000FC8
SSP1BUF                           00000FC9
SSP1CON1                          00000FC6
SSP1CON2                          00000FC5
SSP1IE                            00000003
SSP1IF                            00000003
SSP1IP                            00000003
SSP1MSK                           00000FC8
SSP1STAT                          00000FC7
SSP2ADD                           00000F6E
SSP2BUF                           00000F6F
SSP2CON1                          00000F6C
SSP2CON2                          00000F6B
SSP2IE                            00000007
SSP2IF                            00000007
SSP2IP                            00000007
SSP2MSK                           00000F6E
SSP2STAT                          00000F6D
SSPADD                            00000FC8
MPASM  5.37                          MAIN.ASM   12-13-2016  13:07:06         PAGE 29


SYMBOL TABLE
  LABEL                             VALUE 

SSPBUF                            00000FC9
SSPCON1                           00000FC6
SSPCON2                           00000FC5
SSPEN                             00000005
SSPIE                             00000003
SSPIF                             00000003
SSPIP                             00000003
SSPM0                             00000000
SSPM1                             00000001
SSPM2                             00000002
SSPM3                             00000003
SSPOV                             00000006
SSPSTAT                           00000FC7
STALLIE                           00000005
STALLIF                           00000005
STATUS                            00000FD8
STKFUL                            00000007
STKOVF                            00000007
STKPTR                            00000FFC
STKPTR0                           00000000
STKPTR1                           00000001
STKPTR2                           00000002
STKPTR3                           00000003
STKPTR4                           00000004
STKUNF                            00000006
SUSPND                            00000001
SWDTE                             00000000
SWDTEN                            00000000
SYNC                              00000004
T08BIT                            00000006
T0CKI                             00000004
T0CON                             00000FD5
T0CS                              00000005
T0IE                              00000005
T0IF                              00000002
T0IP                              00000002
T0PS0                             00000000
T0PS1                             00000001
T0PS2                             00000002
T0PS3                             00000003
T0SE                              00000004
T13CKI                            00000000
T1CKPS0                           00000004
T1CKPS1                           00000005
T1CON                             00000FCD
T1INSYNC                          00000002
T1OSCEN                           00000003
T1OSI                             00000001
T1OSO                             00000000
T1RUN                             00000006
T1SYNC                            00000002
T2CKPS0                           00000000
T2CKPS1                           00000001
MPASM  5.37                          MAIN.ASM   12-13-2016  13:07:06         PAGE 30


SYMBOL TABLE
  LABEL                             VALUE 

T2CON                             00000FCA
T2OUTPS0                          00000003
T2OUTPS1                          00000004
T2OUTPS2                          00000005
T2OUTPS3                          00000006
T3CCP1                            00000003
T3CCP2                            00000006
T3CKPS0                           00000004
T3CKPS1                           00000005
T3CON                             00000F79
T3INSYNC                          00000002
T3SYNC                            00000002
T4CKPS0                           00000000
T4CKPS1                           00000001
T4CON                             00000F76
T4OUTPS0                          00000003
T4OUTPS1                          00000004
T4OUTPS2                          00000005
T4OUTPS3                          00000006
TABLAT                            00000FF5
TBLPTR                            00000FF6
TBLPTRH                           00000FF7
TBLPTRL                           00000FF6
TBLPTRU                           00000FF8
TMR0H                             00000FD7
TMR0IE                            00000005
TMR0IF                            00000002
TMR0IP                            00000002
TMR0L                             00000FD6
TMR0ON                            00000007
TMR1CS                            00000001
TMR1H                             00000FCF
TMR1IE                            00000000
TMR1IF                            00000000
TMR1IP                            00000000
TMR1L                             00000FCE
TMR1ON                            00000000
TMR2                              00000FCC
TMR2IE                            00000001
TMR2IF                            00000001
TMR2IP                            00000001
TMR2ON                            00000002
TMR3CS                            00000001
TMR3H                             00000F7B
TMR3IE                            00000001
TMR3IF                            00000001
TMR3IP                            00000001
TMR3L                             00000F7A
TMR3ON                            00000000
TMR4                              00000F78
TMR4IE                            00000003
TMR4IF                            00000003
TMR4IP                            00000003
MPASM  5.37                          MAIN.ASM   12-13-2016  13:07:06         PAGE 31


SYMBOL TABLE
  LABEL                             VALUE 

TMR4ON                            00000002
TO                                00000003
TOS                               00000FFD
TOSH                              00000FFE
TOSL                              00000FFD
TOSU                              00000FFF
TRISA                             00000F92
TRISA0                            00000000
TRISA1                            00000001
TRISA2                            00000002
TRISA3                            00000003
TRISA4                            00000004
TRISA5                            00000005
TRISA6                            00000006
TRISA7                            00000007
TRISB                             00000F93
TRISB0                            00000000
TRISB1                            00000001
TRISB2                            00000002
TRISB3                            00000003
TRISB4                            00000004
TRISB5                            00000005
TRISB6                            00000006
TRISB7                            00000007
TRISC                             00000F94
TRISC0                            00000000
TRISC1                            00000001
TRISC2                            00000002
TRISC3                            00000003
TRISC4                            00000004
TRISC5                            00000005
TRISC6                            00000006
TRISC7                            00000007
TRISD                             00000F95
TRISD0                            00000000
TRISD1                            00000001
TRISD2                            00000002
TRISD3                            00000003
TRISD4                            00000004
TRISD5                            00000005
TRISD6                            00000006
TRISD7                            00000007
TRISE                             00000F96
TRISE0                            00000000
TRISE1                            00000001
TRISE2                            00000002
TRISE3                            00000003
TRISE4                            00000004
TRISE5                            00000005
TRISE6                            00000006
TRISE7                            00000007
TRISF                             00000F97
TRISF2                            00000002
MPASM  5.37                          MAIN.ASM   12-13-2016  13:07:06         PAGE 32


SYMBOL TABLE
  LABEL                             VALUE 

TRISF3                            00000003
TRISF4                            00000004
TRISF5                            00000005
TRISF6                            00000006
TRISF7                            00000007
TRISG                             00000F98
TRISG0                            00000000
TRISG1                            00000001
TRISG2                            00000002
TRISG3                            00000003
TRISG4                            00000004
TRISH                             00000F99
TRISH0                            00000000
TRISH1                            00000001
TRISH2                            00000002
TRISH3                            00000003
TRISH4                            00000004
TRISH5                            00000005
TRISH6                            00000006
TRISH7                            00000007
TRISJ                             00000F9A
TRISJ0                            00000000
TRISJ1                            00000001
TRISJ2                            00000002
TRISJ3                            00000003
TRISJ4                            00000004
TRISJ5                            00000005
TRISJ6                            00000006
TRISJ7                            00000007
TRMT                              00000001
TRNIE                             00000003
TRNIF                             00000003
TUN0                              00000000
TUN1                              00000001
TUN2                              00000002
TUN3                              00000003
TUN4                              00000004
TUN5                              00000005
TX                                00000006
TX1IE                             00000004
TX1IF                             00000004
TX1IP                             00000004
TX2                               00000001
TX2IE                             00000004
TX2IF                             00000004
TX2IP                             00000004
TX8_9                             00000006
TX9                               00000006
TX9D                              00000000
TXCKP                             00000004
TXD8                              00000000
TXEN                              00000005
TXIE                              00000004
MPASM  5.37                          MAIN.ASM   12-13-2016  13:07:06         PAGE 33


SYMBOL TABLE
  LABEL                             VALUE 

TXIF                              00000004
TXIP                              00000004
TXREG                             00000FAE
TXREG1                            00000FAE
TXREG2                            00000FA9
TXSTA                             00000FAD
TXSTA1                            00000FAD
TXSTA2                            00000FA8
U1OD                              00000000
U2OD                              00000001
UA                                00000001
UADDR                             00000F5E
UB                                00000007
UCFG                              00000F5F
UCON                              00000F65
UEIE                              00000F5D
UEIR                              00000F63
UEP0                              00000F4C
UEP1                              00000F4D
UEP10                             00000F56
UEP11                             00000F57
UEP12                             00000F58
UEP13                             00000F59
UEP14                             00000F5A
UEP15                             00000F5B
UEP2                              00000F4E
UEP3                              00000F4F
UEP4                              00000F50
UEP5                              00000F51
UEP6                              00000F52
UEP7                              00000F53
UEP8                              00000F54
UEP9                              00000F55
UERRIE                            00000001
UERRIF                            00000001
UFRM                              00000F60
UFRMH                             00000F61
UFRML                             00000F60
UIE                               00000F5C
UIR                               00000F62
UOEMON                            00000006
UPUEN                             00000004
URSTIE                            00000000
URSTIF                            00000000
USART1OD                          00000000
USART2OD                          00000001
USBEN                             00000003
USBIE                             00000004
USBIF                             00000004
USBIP                             00000004
USTAT                             00000F64
UTEYE                             00000007
UTRDIS                            00000003
MPASM  5.37                          MAIN.ASM   12-13-2016  13:07:06         PAGE 34


SYMBOL TABLE
  LABEL                             VALUE 

VCFG0                             00000006
VCFG1                             00000007
VREFM                             00000002
VREFP                             00000003
W                                 00000000
WAIT0                             00000004
WAIT1                             00000005
WAITB0                            00000006
WAITB1                            00000007
WAITE0                            00000000
WAITE1                            00000001
WAITM0                            00000002
WAITM1                            00000003
WAITM2                            00000004
WAITM3                            00000005
WCOL                              00000007
WDTCON                            00000FC0
WM0                               00000000
WM1                               00000001
WPROG                             00000005
WR                                00000001
WREG                              00000FE8
WREN                              00000002
WRERR                             00000003
WRH                               00000003
WRL                               00000002
WRSP                              00000001
WUE                               00000001
Z                                 00000002
_DEVID1                           003FFFFE
_DEVID2                           003FFFFF
__18F87J50                        00000001
__DEBUG                           1

Errors   :     0
Warnings :    15 reported,     0 suppressed
Messages :     1 reported,     0 suppressed

